c:\users\limjoonsub\source\repos\mfcapplication1\mfcapplication1\debug\mfcapplication1.pch
c:\users\limjoonsub\source\repos\mfcapplication1\mfcapplication1\debug\vc142.pdb
c:\users\limjoonsub\source\repos\mfcapplication1\mfcapplication1\debug\vc142.idb
c:\users\limjoonsub\source\repos\mfcapplication1\mfcapplication1\debug\pch.obj
c:\users\limjoonsub\source\repos\mfcapplication1\mfcapplication1\debug\networkinterfacedlg.obj
c:\users\limjoonsub\source\repos\mfcapplication1\mfcapplication1\debug\mfcapplication1dlg.obj
c:\users\limjoonsub\source\repos\mfcapplication1\mfcapplication1\debug\mfcapplication1.obj
c:\users\limjoonsub\source\repos\mfcapplication1\mfcapplication1\debug\mfcapplication1.res
c:\users\limjoonsub\source\repos\mfcapplication1\debug\mfcapplication1.pdb
c:\users\limjoonsub\source\repos\mfcapplication1\mfcapplication1\debug\mfcapplication1.tlog\cl.command.1.tlog
c:\users\limjoonsub\source\repos\mfcapplication1\mfcapplication1\debug\mfcapplication1.tlog\cl.read.1.tlog
c:\users\limjoonsub\source\repos\mfcapplication1\mfcapplication1\debug\mfcapplication1.tlog\cl.write.1.tlog
c:\users\limjoonsub\source\repos\mfcapplication1\mfcapplication1\debug\mfcapplication1.tlog\link-cvtres.read.1.tlog
c:\users\limjoonsub\source\repos\mfcapplication1\mfcapplication1\debug\mfcapplication1.tlog\link-cvtres.write.1.tlog
c:\users\limjoonsub\source\repos\mfcapplication1\mfcapplication1\debug\mfcapplication1.tlog\link-mt.read.1.tlog
c:\users\limjoonsub\source\repos\mfcapplication1\mfcapplication1\debug\mfcapplication1.tlog\link-mt.write.1.tlog
c:\users\limjoonsub\source\repos\mfcapplication1\mfcapplication1\debug\mfcapplication1.tlog\link-rc.read.1.tlog
c:\users\limjoonsub\source\repos\mfcapplication1\mfcapplication1\debug\mfcapplication1.tlog\link-rc.write.1.tlog
c:\users\limjoonsub\source\repos\mfcapplication1\mfcapplication1\debug\mfcapplication1.tlog\link.9684-cvtres.read.1.tlog
c:\users\limjoonsub\source\repos\mfcapplication1\mfcapplication1\debug\mfcapplication1.tlog\link.9684-cvtres.write.1.tlog
c:\users\limjoonsub\source\repos\mfcapplication1\mfcapplication1\debug\mfcapplication1.tlog\link.9684-mt.read.1.tlog
c:\users\limjoonsub\source\repos\mfcapplication1\mfcapplication1\debug\mfcapplication1.tlog\link.9684-mt.write.1.tlog
c:\users\limjoonsub\source\repos\mfcapplication1\mfcapplication1\debug\mfcapplication1.tlog\link.9684-rc.read.1.tlog
c:\users\limjoonsub\source\repos\mfcapplication1\mfcapplication1\debug\mfcapplication1.tlog\link.9684-rc.write.1.tlog
c:\users\limjoonsub\source\repos\mfcapplication1\mfcapplication1\debug\mfcapplication1.tlog\link.9684.read.1.tlog
c:\users\limjoonsub\source\repos\mfcapplication1\mfcapplication1\debug\mfcapplication1.tlog\link.9684.write.1.tlog
c:\users\limjoonsub\source\repos\mfcapplication1\mfcapplication1\debug\mfcapplication1.tlog\link.command.1.tlog
c:\users\limjoonsub\source\repos\mfcapplication1\mfcapplication1\debug\mfcapplication1.tlog\link.read.1.tlog
c:\users\limjoonsub\source\repos\mfcapplication1\mfcapplication1\debug\mfcapplication1.tlog\link.write.1.tlog
c:\users\limjoonsub\source\repos\mfcapplication1\mfcapplication1\debug\mfcapplication1.tlog\rc.command.1.tlog
c:\users\limjoonsub\source\repos\mfcapplication1\mfcapplication1\debug\mfcapplication1.tlog\rc.read.1.tlog
c:\users\limjoonsub\source\repos\mfcapplication1\mfcapplication1\debug\mfcapplication1.tlog\rc.write.1.tlog
